env: load .env.local .env
env: export EXPO_PUBLIC_KONTENT_ENVIRONMENT_ID EXPO_PUBLIC_KONTENT_PREVIEW_API_KEY KONTENT_MANAGEMENT_API_KEY
Starting project at C:\projects\virgin-active-react-native-main
React Compiler enabled
Starting Metro Bundler
The following packages should be updated for best compatibility with the installed expo version:
  expo@54.0.33 - expected version: ~54.0.35
  expo-font@14.0.11 - expected version: ~14.0.12
  expo-linking@8.0.11 - expected version: ~8.0.12
  expo-router@6.0.23 - expected version: ~6.0.24
  expo-web-browser@15.0.10 - expected version: ~15.0.11
Your project may not work correctly until you install the expected versions of the packages.
Waiting on http://localhost:8093
Logs for your project will appear below.
Web node_modules\expo-router\entry.js ▓▓▓▓▓▓░░░░░░░░░░ 40.9% (367/574)
λ node_modules\expo-router\node\render.js ▓▓▓▓▓▓▓▓▓▓░░░░░░ 66.6% (550/682)
Web node_modules\expo-router\entry.js ▓▓▓▓▓▓▓▓▓▓▓▓▓▓░░ 92.7% (1319/1371)
λ node_modules\expo-router\node\render.js ▓▓▓▓▓▓▓▓▓▓▓▓▓▓░░ 93.4% (1352/1400)
λ Bundled 7960ms node_modules\expo-router\node\render.js (1504 modules)
Web Bundled 8356ms node_modules\expo-router\entry.js (1480 modules)
Web node_modules\expo-router\entry.js ░░░░░░░░░░░░░░░░  0.0% (0/1)
Web Bundled 1245ms node_modules\expo-router\entry.js (1454 modules)
Web Bundled 58ms node_modules\expo-router\entry.js (1 module)
 LOG  [web] Logs will appear in the browser console
Web node_modules\expo-router\entry.js ░░░░░░░░░░░░░░░░  0.0% (0/1)
λ Bundled 34ms node_modules\expo-router\node\render.js (1 module)
Web Bundled 954ms node_modules\expo-router\entry.js (1 module)
Web node_modules\expo-router\entry.js ░░░░░░░░░░░░░░░░  0.0% (0/1)
λ Bundled 37ms node_modules\expo-router\node\render.js (1 module)
Web Bundled 990ms node_modules\expo-router\entry.js (1 module)
